<?xml version="1.0" encoding="UTF-8"?>
<testsuite name="base.AdminLoginTest" tests="1" skipped="0" failures="0" errors="0" timestamp="2025-04-28T16:36:00.389Z" hostname="DESKTOP-RDTMBQJ" time="2.509">
  <properties/>
  <testcase name="adminLoginTest" classname="base.AdminLoginTest" time="2.509"/>
  <system-out><![CDATA[]]></system-out>
  <system-err><![CDATA[SLF4J(W): No SLF4J providers were found.
SLF4J(W): Defaulting to no-operation (NOP) logger implementation
SLF4J(W): See https://www.slf4j.org/codes.html#noProviders for further details.
Starting ChromeDriver 135.0.7049.114 (63fd8a7d9d09e41ba37b84386c85d5f249f848f7-refs/branch-heads/7049@{#2175}) on port 60613
Only local connections are allowed.
Please see https://chromedriver.chromium.org/security-considerations for suggestions on keeping ChromeDriver safe.
ChromeDriver was started successfully on port 60613.
apr 28, 2025 6:36:01 PM org.openqa.selenium.remote.ProtocolHandshake createSession
INFORMAZIONI: Detected dialect: W3C
]]></system-err>
</testsuite>
