<?xml version="1.0" encoding="UTF-8"?>
<testsuite name="base.UnlinkMultipleSubprojectsTest" tests="1" skipped="0" failures="0" errors="0" timestamp="2025-06-16T14:56:58.447Z" hostname="DESKTOP-RDTMBQJ" time="8.965">
  <properties/>
  <testcase name="unlinkMultipleSubprojects" classname="base.UnlinkMultipleSubprojectsTest" time="8.965"/>
  <system-out><![CDATA[]]></system-out>
  <system-err><![CDATA[SLF4J(W): No SLF4J providers were found.
SLF4J(W): Defaulting to no-operation (NOP) logger implementation
SLF4J(W): See https://www.slf4j.org/codes.html#noProviders for further details.
Starting ChromeDriver 137.0.7151.70 (dfa4dc56b2abb56eb2a14cad006ea5e68c60d5de-refs/branch-heads/7151@{#1875}) on port 20594
Only local connections are allowed.
Please see https://chromedriver.chromium.org/security-considerations for suggestions on keeping ChromeDriver safe.
ChromeDriver was started successfully on port 20594.
giu 16, 2025 4:56:59 PM org.openqa.selenium.remote.ProtocolHandshake createSession
INFORMAZIONI: Detected dialect: W3C
]]></system-err>
</testsuite>
