<?xml version="1.0" encoding="UTF-8"?>
<testsuite name="tests.AddNewProductTest" tests="1" skipped="0" failures="0" errors="0" timestamp="2025-07-09T09:13:37.205Z" hostname="DESKTOP-RDTMBQJ" time="8.893">
  <properties/>
  <testcase name="test_add_new_productNoPO" classname="tests.AddNewProductTest" time="8.893"/>
  <system-out><![CDATA[]]></system-out>
  <system-err><![CDATA[SLF4J(W): No SLF4J providers were found.
SLF4J(W): Defaulting to no-operation (NOP) logger implementation
SLF4J(W): See https://www.slf4j.org/codes.html#noProviders for further details.
Starting ChromeDriver 138.0.7204.94 (5450257488848fa5bab09dea663ce77edfb17672-refs/branch-heads/7204_50@{#10}) on port 18446
Only local connections are allowed.
Please see https://chromedriver.chromium.org/security-considerations for suggestions on keeping ChromeDriver safe.
ChromeDriver was started successfully on port 18446.
lug 09, 2025 11:13:38 AM org.openqa.selenium.remote.ProtocolHandshake createSession
INFORMAZIONI: Detected dialect: W3C
]]></system-err>
</testsuite>
