<?xml version="1.0" encoding="UTF-8"?>
<testsuite name="mediawiki.CreateRedirectTest" tests="1" skipped="0" failures="0" errors="0" timestamp="2025-06-18T14:06:13.224Z" hostname="DESKTOP-RDTMBQJ" time="4.191">
  <properties/>
  <testcase name="createRedirect" classname="mediawiki.CreateRedirectTest" time="4.191"/>
  <system-out><![CDATA[]]></system-out>
  <system-err><![CDATA[Starting ChromeDriver 137.0.7151.119 (e0ac9d12dff5f2d33c935958b06bf1ded7f1c08c-refs/branch-heads/7151@{#2356}) on port 64840
Only local connections are allowed.
Please see https://chromedriver.chromium.org/security-considerations for suggestions on keeping ChromeDriver safe.
ChromeDriver was started successfully on port 64840.
giu 18, 2025 4:06:13 PM org.openqa.selenium.remote.ProtocolHandshake createSession
INFORMAZIONI: Detected dialect: W3C
]]></system-err>
</testsuite>
