<?xml version="1.0" encoding="UTF-8"?>
<testsuite name="mediawiki.EditProtectedPage_NewAdmin_SuccessTest" tests="1" skipped="0" failures="0" errors="0" timestamp="2025-06-18T14:05:44.630Z" hostname="DESKTOP-RDTMBQJ" time="7.509">
  <properties/>
  <testcase name="editProtectedPage_NewAdmin_Success" classname="mediawiki.EditProtectedPage_NewAdmin_SuccessTest" time="7.509"/>
  <system-out><![CDATA[]]></system-out>
  <system-err><![CDATA[Starting ChromeDriver 137.0.7151.119 (e0ac9d12dff5f2d33c935958b06bf1ded7f1c08c-refs/branch-heads/7151@{#2356}) on port 11142
Only local connections are allowed.
Please see https://chromedriver.chromium.org/security-considerations for suggestions on keeping ChromeDriver safe.
ChromeDriver was started successfully on port 11142.
giu 18, 2025 4:05:45 PM org.openqa.selenium.remote.ProtocolHandshake createSession
INFORMAZIONI: Detected dialect: W3C
]]></system-err>
</testsuite>
