<?xml version="1.0" encoding="UTF-8"?>
<testsuite name="mediawiki.CreateUserTest" tests="1" skipped="0" failures="0" errors="0" timestamp="2025-06-18T14:04:27.185Z" hostname="DESKTOP-RDTMBQJ" time="4.722">
  <properties/>
  <testcase name="createUser" classname="mediawiki.CreateUserTest" time="4.722"/>
  <system-out><![CDATA[]]></system-out>
  <system-err><![CDATA[SLF4J(W): No SLF4J providers were found.
SLF4J(W): Defaulting to no-operation (NOP) logger implementation
SLF4J(W): See https://www.slf4j.org/codes.html#noProviders for further details.
Starting ChromeDriver 137.0.7151.119 (e0ac9d12dff5f2d33c935958b06bf1ded7f1c08c-refs/branch-heads/7151@{#2356}) on port 24479
Only local connections are allowed.
Please see https://chromedriver.chromium.org/security-considerations for suggestions on keeping ChromeDriver safe.
ChromeDriver was started successfully on port 24479.
giu 18, 2025 4:04:28 PM org.openqa.selenium.remote.ProtocolHandshake createSession
INFORMAZIONI: Detected dialect: W3C
]]></system-err>
</testsuite>
