<?xml version="1.0" encoding="UTF-8"?>
<testsuite name="mediawiki.CreatePageTest" tests="1" skipped="0" failures="0" errors="0" timestamp="2025-06-18T14:04:41.926Z" hostname="DESKTOP-RDTMBQJ" time="5.351">
  <properties/>
  <testcase name="createPage" classname="mediawiki.CreatePageTest" time="5.351"/>
  <system-out><![CDATA[]]></system-out>
  <system-err><![CDATA[Starting ChromeDriver 137.0.7151.119 (e0ac9d12dff5f2d33c935958b06bf1ded7f1c08c-refs/branch-heads/7151@{#2356}) on port 33025
Only local connections are allowed.
Please see https://chromedriver.chromium.org/security-considerations for suggestions on keeping ChromeDriver safe.
ChromeDriver was started successfully on port 33025.
giu 18, 2025 4:04:42 PM org.openqa.selenium.remote.ProtocolHandshake createSession
INFORMAZIONI: Detected dialect: W3C
]]></system-err>
</testsuite>
