<?xml version="1.0" encoding="UTF-8"?>
<testsuite xmlns:xsi="http://www.w3.org/2001/XMLSchema-instance" xsi:noNamespaceSchemaLocation="https://maven.apache.org/surefire/maven-surefire-plugin/xsd/surefire-test-report-3.0.xsd" version="3.0" name="test.Claroline_TestSuite" time="41.038" tests="40" errors="0" skipped="0" failures="0">
  <properties>
[...]
</properties>
  <testcase name="runTest" classname="test.Claroline_AddUserTest" time="2.37">
    <system-out><![CDATA[Setting up remote web driver...
]]></system-out>
    <system-err><![CDATA[ott 06, 2025 8:28:15 PM org.openqa.selenium.remote.tracing.opentelemetry.OpenTelemetryTracer createTracer
INFO: Using OpenTelemetry for tracing
]]></system-err>
  </testcase>
  <testcase name="runTest" classname="test.Claroline_SearchUserTest" time="0.833">
    <system-out><![CDATA[Setting up remote web driver...
]]></system-out>
  </testcase>
  <testcase name="runTest" classname="test.Claroline_LoginUserTest" time="0.56">
    <system-out><![CDATA[Setting up remote web driver...
]]></system-out>
  </testcase>
  <testcase name="runTest" classname="test.Claroline_AddCourseTest" time="1.43">
    <system-out><![CDATA[Setting up remote web driver...
]]></system-out>
  </testcase>
  <testcase name="runTest" classname="test.Claroline_SearchCourseTest" time="0.755">
    <system-out><![CDATA[Setting up remote web driver...
]]></system-out>
  </testcase>
  <testcase name="runTest" classname="test.Claroline_EnrolUserTest" time="0.767">
    <system-out><![CDATA[Setting up remote web driver...
]]></system-out>
  </testcase>
  <testcase name="runTest" classname="test.Claroline_AddCourseEventTest" time="1.257">
    <system-out><![CDATA[Setting up remote web driver...
]]></system-out>
  </testcase>
  <testcase name="runTest" classname="test.Claroline_AddCourseExerciseTest" time="0.956">
    <system-out><![CDATA[Setting up remote web driver...
]]></system-out>
  </testcase>
  <testcase name="runTest" classname="test.Claroline_MakeCourseExerciseVisibleTest" time="0.764">
    <system-out><![CDATA[Setting up remote web driver...
]]></system-out>
  </testcase>
  <testcase name="runTest" classname="test.Claroline_AddCourseExerciseQuestionsTest" time="2.379">
    <system-out><![CDATA[Setting up remote web driver...
]]></system-out>
  </testcase>
  <testcase name="runTest" classname="test.Claroline_DoCourseExerciseQuestionsTest" time="0.895">
    <system-out><![CDATA[Setting up remote web driver...
]]></system-out>
  </testcase>
  <testcase name="runTest" classname="test.Claroline_ViewProfileStatisticsUserTest" time="0.759">
    <system-out><![CDATA[Setting up remote web driver...
]]></system-out>
  </testcase>
  <testcase name="runTest" classname="test.Claroline_AddMultipleUsersTest" time="1.614">
    <system-out><![CDATA[Setting up remote web driver...
]]></system-out>
  </testcase>
  <testcase name="runTest" classname="test.Claroline_SearchMultipleUsersTest" time="0.781">
    <system-out><![CDATA[Setting up remote web driver...
]]></system-out>
  </testcase>
  <testcase name="runTest" classname="test.Claroline_SearchStudentTest" time="0.817">
    <system-out><![CDATA[Setting up remote web driver...
]]></system-out>
  </testcase>
  <testcase name="runTest" classname="test.Claroline_SearchTeacherTest" time="0.829">
    <system-out><![CDATA[Setting up remote web driver...
]]></system-out>
  </testcase>
  <testcase name="runTest" classname="test.Claroline_SearchAdminTest" time="0.808">
    <system-out><![CDATA[Setting up remote web driver...
]]></system-out>
  </testcase>
  <testcase name="runTest" classname="test.Claroline_EnrolMultipleUsersTest" time="1.983">
    <system-out><![CDATA[Setting up remote web driver...
]]></system-out>
  </testcase>
  <testcase name="runTest" classname="test.Claroline_DoCourseExerciseQuestionsMultipleUsersTest" time="2.437">
    <system-out><![CDATA[Setting up remote web driver...
]]></system-out>
  </testcase>
  <testcase name="runTest" classname="test.Claroline_RemoveEnrolMultipleUsersTest" time="1.004">
    <system-out><![CDATA[Setting up remote web driver...
]]></system-out>
  </testcase>
  <testcase name="runTest" classname="test.Claroline_RemoveMultipleUsersTest" time="0.982">
    <system-out><![CDATA[Setting up remote web driver...
]]></system-out>
  </testcase>
  <testcase name="runTest" classname="test.Claroline_AddEmptyUserTest" time="0.825">
    <system-out><![CDATA[Setting up remote web driver...
]]></system-out>
  </testcase>
  <testcase name="runTest" classname="test.Claroline_AddWrongEmailUserTest" time="0.875">
    <system-out><![CDATA[Setting up remote web driver...
]]></system-out>
  </testcase>
  <testcase name="runTest" classname="test.Claroline_AddTwiceUserTest" time="0.857">
    <system-out><![CDATA[Setting up remote web driver...
]]></system-out>
  </testcase>
  <testcase name="runTest" classname="test.Claroline_AddWrongPasswordUserTest" time="0.864">
    <system-out><![CDATA[Setting up remote web driver...
]]></system-out>
  </testcase>
  <testcase name="addEmptyCourse" classname="test.Claroline_AddEmptyCourseTest" time="0.724">
    <system-out><![CDATA[Setting up remote web driver...
]]></system-out>
  </testcase>
  <testcase name="addDeniedCourse" classname="test.Claroline_AddDeniedCourseTest" time="1.098">
    <system-out><![CDATA[Setting up remote web driver...
]]></system-out>
  </testcase>
  <testcase name="enrolDeniedCourse" classname="test.Claroline_EnrolDeniedCourseTest" time="0.717">
    <system-out><![CDATA[Setting up remote web driver...
]]></system-out>
  </testcase>
  <testcase name="addPasswordCourse" classname="test.Claroline_AddPasswordCourseTest" time="1.201">
    <system-out><![CDATA[Setting up remote web driver...
]]></system-out>
  </testcase>
  <testcase name="enrolPasswordCourseWrongPassword" classname="test.Claroline_EnrolPasswordCourseWrongPasswordUserTest" time="0.816">
    <system-out><![CDATA[Setting up remote web driver...
]]></system-out>
  </testcase>
  <testcase name="enrolPasswordCourseGoodPassword" classname="test.Claroline_EnrolPasswordCourseGoodPasswordUserTest" time="0.812">
    <system-out><![CDATA[Setting up remote web driver...
]]></system-out>
  </testcase>
  <testcase name="searchAllowedCourse" classname="test.Claroline_SearchAllowedCourseTest" time="0.777">
    <system-out><![CDATA[Setting up remote web driver...
]]></system-out>
  </testcase>
  <testcase name="searchAndRemovePasswordCourse" classname="test.Claroline_SearchAndRemovePasswordCourseTest" time="0.854">
    <system-out><![CDATA[Setting up remote web driver...
]]></system-out>
  </testcase>
  <testcase name="searchAndRemoveDeniedCourse" classname="test.Claroline_SearchAndRemoveDeniedCourseTest" time="0.857">
    <system-out><![CDATA[Setting up remote web driver...
]]></system-out>
  </testcase>
  <testcase name="removeCourseExerciseQuestions" classname="test.Claroline_RemoveCourseExerciseQuestionsTest" time="1.006">
    <system-out><![CDATA[Setting up remote web driver...
]]></system-out>
  </testcase>
  <testcase name="removeCourseEvent" classname="test.Claroline_RemoveCourseEventTest" time="0.724">
    <system-out><![CDATA[Setting up remote web driver...
]]></system-out>
  </testcase>
  <testcase name="removeCourseExerciseTest" classname="test.Claroline_RemoveCourseExerciseTest" time="0.776">
    <system-out><![CDATA[Setting up remote web driver...
]]></system-out>
  </testcase>
  <testcase name="removeEnrolUser" classname="test.Claroline_RemoveEnrolUserTest" time="0.625">
    <system-out><![CDATA[Setting up remote web driver...
]]></system-out>
  </testcase>
  <testcase name="removeUserTest" classname="test.Claroline_RemoveUserTest" time="0.772">
    <system-out><![CDATA[Setting up remote web driver...
]]></system-out>
  </testcase>
  <testcase name="removeCourseTest" classname="test.Claroline_RemoveCourseTest" time="0.828">
    <system-out><![CDATA[Setting up remote web driver...
]]></system-out>
  </testcase>
</testsuite>