<?xml version="1.0" encoding="UTF-8" ?>
<testsuite tests="40" failures="0" name="test.Claroline_TestSuite" time="83.066" errors="0" skipped="0">
  <properties>
[...]
</properties>
  <testcase classname="test.Claroline_AddUserTest" name="runTest" time="4.381"/>
  <testcase classname="test.Claroline_SearchUserTest" name="runTest" time="1.509"/>
  <testcase classname="test.Claroline_LoginUserTest" name="runTest" time="1.147"/>
  <testcase classname="test.Claroline_AddCourseTest" name="runTest" time="2.641"/>
  <testcase classname="test.Claroline_SearchCourseTest" name="runTest" time="1.436"/>
  <testcase classname="test.Claroline_EnrolUserTest" name="runTest" time="1.452"/>
  <testcase classname="test.Claroline_AddCourseEventTest" name="runTest" time="2.398"/>
  <testcase classname="test.Claroline_AddCourseExerciseTest" name="runTest" time="2.04"/>
  <testcase classname="test.Claroline_MakeCourseExerciseVisibleTest" name="runTest" time="1.685"/>
  <testcase classname="test.Claroline_AddCourseExerciseQuestionsTest" name="runTest" time="7.108"/>
  <testcase classname="test.Claroline_DoCourseExerciseQuestionsTest" name="runTest" time="1.818"/>
  <testcase classname="test.Claroline_ViewProfileStatisticsUserTest" name="runTest" time="1.509"/>
  <testcase classname="test.Claroline_AddMultipleUsersTest" name="runTest" time="3.26"/>
  <testcase classname="test.Claroline_SearchMultipleUsersTest" name="runTest" time="1.503"/>
  <testcase classname="test.Claroline_SearchStudentTest" name="runTest" time="1.497"/>
  <testcase classname="test.Claroline_SearchTeacherTest" name="runTest" time="1.787"/>
  <testcase classname="test.Claroline_SearchAdminTest" name="runTest" time="1.598"/>
  <testcase classname="test.Claroline_EnrolMultipleUsersTest" name="runTest" time="3.765"/>
  <testcase classname="test.Claroline_DoCourseExerciseQuestionsMultipleUsersTest" name="runTest" time="4.561"/>
  <testcase classname="test.Claroline_RemoveEnrolMultipleUsersTest" name="runTest" time="2.22"/>
  <testcase classname="test.Claroline_RemoveMultipleUsersTest" name="runTest" time="1.949"/>
  <testcase classname="test.Claroline_AddEmptyUserTest" name="runTest" time="1.696"/>
  <testcase classname="test.Claroline_AddWrongEmailUserTest" name="runTest" time="1.787"/>
  <testcase classname="test.Claroline_AddTwiceUserTest" name="runTest" time="1.752"/>
  <testcase classname="test.Claroline_AddWrongPasswordUserTest" name="runTest" time="1.704"/>
  <testcase classname="test.Claroline_AddEmptyCourseTest" name="addEmptyCourse" time="1.501"/>
  <testcase classname="test.Claroline_AddDeniedCourseTest" name="addDeniedCourse" time="2.016"/>
  <testcase classname="test.Claroline_EnrolDeniedCourseTest" name="enrolDeniedCourse" time="1.392"/>
  <testcase classname="test.Claroline_AddPasswordCourseTest" name="addPasswordCourse" time="2.138"/>
  <testcase classname="test.Claroline_EnrolPasswordCourseWrongPasswordUserTest" name="enrolPasswordCourseWrongPassword" time="1.522"/>
  <testcase classname="test.Claroline_EnrolPasswordCourseGoodPasswordUserTest" name="enrolPasswordCourseGoodPassword" time="1.659"/>
  <testcase classname="test.Claroline_SearchAllowedCourseTest" name="searchAllowedCourse" time="1.687"/>
  <testcase classname="test.Claroline_SearchAndRemovePasswordCourseTest" name="searchAndRemovePasswordCourse" time="1.65"/>
  <testcase classname="test.Claroline_SearchAndRemoveDeniedCourseTest" name="searchAndRemoveDeniedCourse" time="1.557"/>
  <testcase classname="test.Claroline_RemoveCourseExerciseQuestionsTest" name="removeCourseExerciseQuestions" time="2.179"/>
  <testcase classname="test.Claroline_RemoveCourseEventTest" name="removeCourseEvent" time="1.548"/>
  <testcase classname="test.Claroline_RemoveCourseExerciseTest" name="removeCourseExerciseTest" time="1.73"/>
  <testcase classname="test.Claroline_RemoveEnrolUserTest" name="removeEnrolUser" time="1.293"/>
  <testcase classname="test.Claroline_RemoveUserTest" name="removeUserTest" time="1.553"/>
  <testcase classname="test.Claroline_RemoveCourseTest" name="removeCourseTest" time="1.438"/>
</testsuite>