<?xml version="1.0" encoding="UTF-8"?>
<testsuite name="test.AddRemoteUser_Test" tests="1" skipped="0" failures="0" errors="0" timestamp="2026-02-06T10:43:19.783Z" hostname="DESKTOP-RDTMBQJ" time="2.097">
  <properties/>
  <testcase name="addRemoteUser" classname="test.AddRemoteUser_Test" time="2.097"/>
  <system-out><![CDATA[]]></system-out>
  <system-err><![CDATA[feb 06, 2026 11:43:20 AM org.openqa.selenium.devtools.CdpVersionFinder findNearestMatch
AVVERTENZA: Unable to find CDP implementation matching 144
feb 06, 2026 11:43:20 AM org.openqa.selenium.chromium.ChromiumDriver lambda$new$5
AVVERTENZA: Unable to find version of CDP to use for 144.0.7559.133. You may need to include a dependency on a specific version of the CDP using something similar to `org.seleniumhq.selenium:selenium-devtools-v86:4.15.0` where the version ("v86") matches the version of the chromium-based browser you're using and the version number of the artifact is the same as Selenium's.
feb 06, 2026 11:43:21 AM com.github.paolobd.gamegui.GamifiedListener beforeQuit
AVVERTENZA: Communication with GameGUI plugin failed. Check that the plugin is installed and running!
]]></system-err>
</testsuite>
