<?xml version="1.0" encoding="UTF-8"?>
<testsuite name="test.AddNewProject_Test" tests="1" skipped="0" failures="0" errors="0" timestamp="2025-04-08T09:05:27.245Z" hostname="DESKTOP-RDTMBQJ" time="4.582">
  <properties/>
  <testcase name="addNewProject" classname="test.AddNewProject_Test" time="4.582"/>
  <system-out><![CDATA[]]></system-out>
  <system-err><![CDATA[SLF4J(W): No SLF4J providers were found.
SLF4J(W): Defaulting to no-operation (NOP) logger implementation
SLF4J(W): See https://www.slf4j.org/codes.html#noProviders for further details.
apr 08, 2025 11:05:28 AM org.openqa.selenium.devtools.CdpVersionFinder findNearestMatch
AVVERTENZA: Unable to find CDP implementation matching 135
apr 08, 2025 11:05:28 AM org.openqa.selenium.chromium.ChromiumDriver lambda$new$5
AVVERTENZA: Unable to find version of CDP to use for 135.0.7049.42. You may need to include a dependency on a specific version of the CDP using something similar to `org.seleniumhq.selenium:selenium-devtools-v86:4.15.0` where the version ("v86") matches the version of the chromium-based browser you're using and the version number of the artifact is the same as Selenium's.
apr 08, 2025 11:05:31 AM com.github.paolobd.gamegui.GamifiedListener beforeQuit
AVVERTENZA: Communication with GameGUI plugin failed. Check that the plugin is installed and running!
]]></system-err>
</testsuite>
