<?xml version="1.0" encoding="UTF-8"?>
<testsuite name="test.AddRemoteUser_Test" tests="1" skipped="0" failures="0" errors="0" timestamp="2025-04-08T09:06:20.988Z" hostname="DESKTOP-RDTMBQJ" time="3.67">
  <properties/>
  <testcase name="addRemoteUser" classname="test.AddRemoteUser_Test" time="3.67"/>
  <system-out><![CDATA[]]></system-out>
  <system-err><![CDATA[apr 08, 2025 11:06:21 AM org.openqa.selenium.devtools.CdpVersionFinder findNearestMatch
AVVERTENZA: Unable to find CDP implementation matching 135
apr 08, 2025 11:06:21 AM org.openqa.selenium.chromium.ChromiumDriver lambda$new$5
AVVERTENZA: Unable to find version of CDP to use for 135.0.7049.42. You may need to include a dependency on a specific version of the CDP using something similar to `org.seleniumhq.selenium:selenium-devtools-v86:4.15.0` where the version ("v86") matches the version of the chromium-based browser you're using and the version number of the artifact is the same as Selenium's.
apr 08, 2025 11:06:24 AM com.github.paolobd.gamegui.GamifiedListener beforeQuit
AVVERTENZA: Communication with GameGUI plugin failed. Check that the plugin is installed and running!
]]></system-err>
</testsuite>
