<?xml version="1.0" encoding="UTF-8"?>
<testsuite name="tests.DeletedDiscountCodeFailsPercentTest" tests="1" skipped="0" failures="0" errors="0" timestamp="2025-05-16T10:29:06.968Z" hostname="DESKTOP-RDTMBQJ" time="4.905">
  <properties/>
  <testcase name="testExpressCartDeletedDiscountCodeFailsPercent" classname="tests.DeletedDiscountCodeFailsPercentTest" time="4.905"/>
  <system-out><![CDATA[]]></system-out>
  <system-err><![CDATA[Starting ChromeDriver 136.0.7103.94 (fa0be0b33debeb378a8e6ad9c599be34e2dc3b37-refs/branch-heads/7103@{#1842}) on port 36360
Only local connections are allowed.
Please see https://chromedriver.chromium.org/security-considerations for suggestions on keeping ChromeDriver safe.
ChromeDriver was started successfully on port 36360.
mag 16, 2025 12:29:07 PM org.openqa.selenium.remote.ProtocolHandshake createSession
INFO: Detected dialect: W3C
]]></system-err>
</testsuite>
