<?xml version="1.0" encoding="UTF-8"?>
<testsuite name="tests.DeleteProductTest" tests="1" skipped="0" failures="0" errors="0" timestamp="2025-05-16T10:29:19.312Z" hostname="DESKTOP-RDTMBQJ" time="1.511">
  <properties/>
  <testcase name="testExpressCartDeleteProductNoPO" classname="tests.DeleteProductTest" time="1.511"/>
  <system-out><![CDATA[]]></system-out>
  <system-err><![CDATA[Starting ChromeDriver 136.0.7103.94 (fa0be0b33debeb378a8e6ad9c599be34e2dc3b37-refs/branch-heads/7103@{#1842}) on port 21693
Only local connections are allowed.
Please see https://chromedriver.chromium.org/security-considerations for suggestions on keeping ChromeDriver safe.
ChromeDriver was started successfully on port 21693.
mag 16, 2025 12:29:19 PM org.openqa.selenium.remote.ProtocolHandshake createSession
INFO: Detected dialect: W3C
]]></system-err>
</testsuite>
