<?xml version="1.0" encoding="UTF-8"?>
<testsuite name="tests.OpenMenuTest" tests="1" skipped="0" failures="0" errors="0" timestamp="2025-05-16T10:28:57.612Z" hostname="DESKTOP-RDTMBQJ" time="1.056">
  <properties/>
  <testcase name="testExpressCartOpenMenuNoPO" classname="tests.OpenMenuTest" time="1.056"/>
  <system-out><![CDATA[]]></system-out>
  <system-err><![CDATA[Starting ChromeDriver 136.0.7103.94 (fa0be0b33debeb378a8e6ad9c599be34e2dc3b37-refs/branch-heads/7103@{#1842}) on port 48053
Only local connections are allowed.
Please see https://chromedriver.chromium.org/security-considerations for suggestions on keeping ChromeDriver safe.
ChromeDriver was started successfully on port 48053.
mag 16, 2025 12:28:58 PM org.openqa.selenium.remote.ProtocolHandshake createSession
INFO: Detected dialect: W3C
]]></system-err>
</testsuite>
